2024-05-01 19:12:20 [INFO]: Creando pedido con ID: d061ed58-4b6b-44b7-b6da-4772aca940ef
2024-05-01 19:12:20 [INFO]: Pedido creado exitosamente con ID: d061ed58-4b6b-44b7-b6da-4772aca940ef
2024-05-01 19:17:44 [INFO]: Creando pedido con ID: c52624bc-b5bb-4c37-a338-d4a2877297ef
2024-05-01 19:17:44 [INFO]: Pedido creado exitosamente con ID: c52624bc-b5bb-4c37-a338-d4a2877297ef
2024-05-01 19:17:44 [INFO]: Pedido DETALLE  creado exitosamente con ID: 441d3b75-83c6-4fee-9c6f-36a694a21b61
2024-05-01 19:17:44 [INFO]: Pedido DETALLE  creado exitosamente con ID: 0b57ca51-42f3-4b01-9e17-5b22b3db1c75
2024-05-01 20:47:06 [INFO]: Creando pedido con ID: f23b2e97-c664-4482-b411-e60330f762d5
2024-05-01 20:47:06 [INFO]: Pedido creado exitosamente con ID: f23b2e97-c664-4482-b411-e60330f762d5
2024-05-01 20:49:51 [INFO]: Creando pedido con ID: 199efe4d-1bbf-4818-9127-56b97465d8e1
2024-05-01 20:49:51 [INFO]: Pedido creado exitosamente con ID: 199efe4d-1bbf-4818-9127-56b97465d8e1
2024-05-01 20:50:14 [INFO]: Creando pedido con ID: c2d678ad-f256-4946-895d-59fd25b65c7b
2024-05-01 20:50:14 [INFO]: Pedido creado exitosamente con ID: c2d678ad-f256-4946-895d-59fd25b65c7b
2024-05-01 20:50:14 [INFO]: Pedido DETALLE  creado exitosamente con ID: 16b8c76b-921f-41e1-945a-9ab979b7c4fe
2024-05-01 20:50:14 [INFO]: Pedido DETALLE  creado exitosamente con ID: f3ce8013-17c2-407e-bccf-f2b147682a04
2024-05-01 20:58:38 [INFO]: Creando pedido con ID: bf09d869-7e87-47bb-b472-86c73f2f6f5c
2024-05-01 20:58:38 [INFO]: Pedido creado exitosamente con ID: bf09d869-7e87-47bb-b472-86c73f2f6f5c
2024-05-01 20:58:38 [INFO]: Pedido DETALLE  creado exitosamente con ID: 9dc066bb-8f76-4d0a-b5f5-b76657940c4a
2024-05-01 20:58:38 [INFO]: Pedido DETALLE  creado exitosamente con ID: 9234b2a3-0975-4559-9819-77cafefe0ec4
2024-05-01 21:03:39 [INFO]: Creando pedido con ID: 44f936c7-b844-4e71-ad7f-1db80bd52f7d
2024-05-01 21:03:39 [INFO]: Pedido creado exitosamente con ID: 44f936c7-b844-4e71-ad7f-1db80bd52f7d
2024-05-01 21:03:39 [INFO]: Pedido DETALLE  creado exitosamente con ID: 887fba98-90ea-48fa-ad64-7e2f8bbed518
2024-05-01 21:03:39 [INFO]: Pedido DETALLE  creado exitosamente con ID: 78f86e59-6dd1-4641-8d44-d38f8552c5bf
2024-05-01 21:04:39 [INFO]: Creando pedido con ID: 2c71e60c-e294-4a70-9cf7-94923df7e4bd
2024-05-01 21:04:39 [INFO]: Pedido creado exitosamente con ID: 2c71e60c-e294-4a70-9cf7-94923df7e4bd
2024-05-01 21:04:39 [INFO]: Pedido DETALLE  creado exitosamente con ID: 94b003c7-9887-4aba-b381-812de2c3d2be
2024-05-01 21:04:39 [INFO]: Pedido DETALLE  creado exitosamente con ID: 8a62ebe1-645a-4d7f-bfe6-c85837bb327d
2024-05-01 21:07:31 [INFO]: Creando pedido con ID: 82bff048-4671-4162-97df-3ae19f9f94ab
2024-05-01 21:07:31 [INFO]: Pedido creado exitosamente con ID: 82bff048-4671-4162-97df-3ae19f9f94ab
2024-05-01 21:07:31 [INFO]: Pedido DETALLE  creado exitosamente con ID: f798b050-1e92-418b-ac02-4ca69e37416b
2024-05-01 21:07:31 [INFO]: Pedido DETALLE  creado exitosamente con ID: ba0dcbf5-34be-4fab-9f03-9d03e021f5a0
2024-05-01 21:10:53 [INFO]: Creando pedido con ID: 3aecb960-f716-4689-b93c-7c1be77940d1
2024-05-01 21:10:53 [INFO]: Pedido creado exitosamente con ID: 3aecb960-f716-4689-b93c-7c1be77940d1
2024-05-01 21:10:53 [INFO]: Pedido DETALLE  creado exitosamente con ID: 55a74cb5-b241-4ea7-97ed-646f524f4c66
2024-05-01 21:10:53 [INFO]: Pedido DETALLE  creado exitosamente con ID: af7e326f-4683-44f2-8e8a-39544bff1246
2024-05-01 21:14:02 [INFO]: Creando pedido con ID: 34198210-2639-4389-b3f8-9780e0e3a057
2024-05-01 21:14:36 [INFO]: Creando pedido con ID: 19f45b10-21b8-4d66-bb66-587f39ea004b
2024-05-01 21:14:36 [INFO]: Pedido creado exitosamente con ID: 19f45b10-21b8-4d66-bb66-587f39ea004b
2024-05-01 21:14:36 [INFO]: Pedido DETALLE  creado exitosamente con ID: b279924f-27f7-4af5-8505-87589913f580
2024-05-01 21:14:36 [INFO]: Pedido DETALLE  creado exitosamente con ID: 95150800-606b-4377-a3b9-70cc6bdd2c81
2024-05-01 21:21:47 [INFO]: Creando pedido con ID: 0421f995-c365-4c9e-8808-971bf0bfc434
2024-05-01 21:22:40 [INFO]: Creando pedido con ID: aa100244-e5e3-43e1-8302-2b54b2b062c3
2024-05-01 21:23:21 [INFO]: Creando pedido con ID: 0f844e2f-cc93-4f4d-a54a-0dfb25a25664
2024-05-01 21:23:39 [INFO]: Creando pedido con ID: 7859d5df-8e94-4863-b7fe-0d3442172210
2024-05-01 21:26:30 [INFO]: Creando pedido con ID: b2aa3985-11a5-446f-82e0-b882d1a9f397
2024-05-01 21:26:31 [INFO]: Creando pedido con ID: efa85e05-c4ce-48cb-bdfa-3d8dad9f16da
2024-05-01 21:27:01 [INFO]: Creando pedido con ID: 82a1d4b4-1070-406b-9aff-ae3e23ce20b5
2024-05-01 21:28:07 [INFO]: Creando pedido con ID: c5c3fd3e-0517-44a3-bee3-5de95ccfc1ef
2024-05-01 23:33:01 [INFO]: Creando pedido con ID: c1fccd6b-3fa9-4bd8-b66f-a785f572312e
2024-05-01 23:35:24 [INFO]: Creando pedido con ID: 0a0194c2-674f-4dd0-9099-b7760650aa72
2024-05-01 23:35:24 [INFO]: Pedido creado exitosamente con ID: 0a0194c2-674f-4dd0-9099-b7760650aa72
2024-05-01 23:35:24 [INFO]: Pedido DETALLE  creado exitosamente con ID: 67f60d5d-edba-4a2d-9091-19f718f5e613
2024-05-01 23:35:24 [INFO]: Pedido DETALLE  creado exitosamente con ID: bd4decaa-c241-46f9-83e4-edcfe2749e15
2024-05-01 23:46:04 [INFO]: Creando pedido con ID: 43685131-f7fb-4f00-9354-a7cf7b8de8b7
2024-05-01 23:46:04 [INFO]: Pedido creado exitosamente con ID: 43685131-f7fb-4f00-9354-a7cf7b8de8b7
2024-05-01 23:46:04 [INFO]: Pedido DETALLE  creado exitosamente con ID: 610f7b63-7e29-4cea-84df-2dc07633f9bf
2024-05-01 23:46:04 [INFO]: Pedido DETALLE  creado exitosamente con ID: cc9a6bf8-2222-4f16-b5d3-0437b02c7654
2024-05-01 23:53:10 [INFO]: Creando pedido con ID: e3815adc-b130-43b5-b061-25c7a6c8c44e
2024-05-01 23:53:10 [INFO]: Pedido creado exitosamente con ID: e3815adc-b130-43b5-b061-25c7a6c8c44e
2024-05-01 23:53:10 [INFO]: Pedido DETALLE  creado exitosamente con ID: 710421de-8c3e-4028-81a7-bb40da23a481
2024-05-01 23:53:10 [INFO]: Pedido DETALLE  creado exitosamente con ID: 9a4061b6-8078-41d1-a331-9c98060d9913
2024-05-01 23:53:42 [INFO]: Creando pedido con ID: 61d1a3ca-71df-4539-91ee-0a983e02c8ed
2024-05-01 23:53:42 [INFO]: Pedido creado exitosamente con ID: 61d1a3ca-71df-4539-91ee-0a983e02c8ed
2024-05-01 23:53:42 [INFO]: Pedido DETALLE  creado exitosamente con ID: e9575427-a9e0-4173-ac43-bc05c20cc832
2024-05-01 23:53:42 [INFO]: Pedido DETALLE  creado exitosamente con ID: 537f05b3-a995-4b1d-82fb-e23fb0c7ff6c
2024-05-02 00:20:38 [INFO]: Creando pedido con ID: 5d507e4a-29d1-4c83-9f0b-51291a77c36e
2024-05-02 00:20:38 [INFO]: Pedido creado exitosamente con ID: 5d507e4a-29d1-4c83-9f0b-51291a77c36e
2024-05-02 00:20:38 [INFO]: Pedido DETALLE  creado exitosamente con ID: 4a8acbaf-8fbc-4e35-8747-f27c5378964b
2024-05-02 00:26:56 [INFO]: Creando pedido con ID: 3b47d59c-beea-493b-8d8e-d9a1abed7751
2024-05-02 00:26:56 [INFO]: Pedido creado exitosamente con ID: 3b47d59c-beea-493b-8d8e-d9a1abed7751
2024-05-02 00:26:56 [INFO]: Pedido DETALLE  creado exitosamente con ID: 91f50e3e-e3a9-4da0-9900-67703427db99
2024-05-02 00:29:42 [INFO]: Creando pedido con ID: 4d3d1370-6812-4314-885f-0d08dbe2f91b
2024-05-02 00:29:42 [INFO]: Pedido creado exitosamente con ID: 4d3d1370-6812-4314-885f-0d08dbe2f91b
2024-05-02 00:29:42 [INFO]: Pedido DETALLE  creado exitosamente con ID: 063f2297-ded4-450f-8fc4-bdf3737c99b8
2024-05-02 00:30:57 [INFO]: Creando pedido con ID: 5674ef0e-3232-440a-8da6-c213dd8328c0
2024-05-02 00:30:57 [INFO]: Pedido creado exitosamente con ID: 5674ef0e-3232-440a-8da6-c213dd8328c0
2024-05-02 00:30:57 [INFO]: Pedido DETALLE  creado exitosamente con ID: f6bfad02-edfd-4c34-baed-f333fdc9dbe6
2024-05-02 00:32:57 [INFO]: Creando pedido con ID: 57cbac65-b0f5-4c7b-b971-63d51d1c7be1
2024-05-02 00:32:57 [INFO]: Pedido creado exitosamente con ID: 57cbac65-b0f5-4c7b-b971-63d51d1c7be1
2024-05-02 00:32:57 [INFO]: Pedido DETALLE  creado exitosamente con ID: 73a4b4f1-a30e-4498-a846-770c231432a0
2024-05-02 00:36:51 [INFO]: Creando pedido con ID: 377a867d-2633-4fee-a079-71aaa9a88dce
2024-05-02 00:36:51 [INFO]: Pedido creado exitosamente con ID: 377a867d-2633-4fee-a079-71aaa9a88dce
2024-05-02 00:40:16 [INFO]: Creando pedido con ID: 643ec912-0df0-4bb8-9130-98c0691cd7b7
2024-05-02 00:40:16 [INFO]: Pedido creado exitosamente con ID: 643ec912-0df0-4bb8-9130-98c0691cd7b7
2024-05-02 00:40:16 [INFO]: Pedido DETALLE  creado exitosamente con ID: fb3abd8d-fc6e-499c-a9b5-c3710f76babb
2024-05-02 00:43:38 [INFO]: Creando pedido con ID: 57c668f7-5bb7-4d36-848a-f2d2ec99958c
2024-05-02 00:43:38 [INFO]: Pedido creado exitosamente con ID: 57c668f7-5bb7-4d36-848a-f2d2ec99958c
2024-05-02 00:43:38 [INFO]: Pedido DETALLE  creado exitosamente con ID: 95068daa-2f25-4c80-8217-51112b9bbf74
2024-05-02 13:58:06 [INFO]: Creando pedido con ID: 35fac848-2483-4a3d-860b-fb7dc5488a0e
2024-05-02 13:58:06 [INFO]: Pedido creado exitosamente con ID: 35fac848-2483-4a3d-860b-fb7dc5488a0e
2024-05-02 13:58:06 [INFO]: Pedido DETALLE  creado exitosamente con ID: 24a1aad2-3109-4e01-9fe4-01add1b3abe5
2024-05-02 14:03:45 [INFO]: Creando pedido con ID: d1166301-e011-4580-bc94-bd27872069df
2024-05-02 14:03:45 [INFO]: Pedido creado exitosamente con ID: d1166301-e011-4580-bc94-bd27872069df
2024-05-02 14:03:45 [INFO]: Pedido DETALLE  creado exitosamente con ID: 4687243f-d779-4498-a900-51f04bd3a76e
2024-05-02 14:03:45 [ERROR]: Error al realizar commit:  Transaction cannot be committed because it has been finished with state: commit
2024-05-02 14:06:00 [INFO]: Creando pedido con ID: e244fb9e-77e2-4c72-be6f-7ab5feb25d46
2024-05-02 14:06:00 [INFO]: Pedido creado exitosamente con ID: e244fb9e-77e2-4c72-be6f-7ab5feb25d46
2024-05-02 14:06:00 [INFO]: Pedido DETALLE  creado exitosamente con ID: a4af540d-a397-4f77-b2b9-380bea855495
2024-05-02 14:06:00 [INFO]: Transacción completada exitosamente.
2024-05-02 14:14:52 [INFO]: Creando pedido con ID: 6f5c09f7-4cf9-4aec-a8ae-bc881db2a2cf
2024-05-02 14:14:52 [INFO]: Pedido creado exitosamente con ID: 6f5c09f7-4cf9-4aec-a8ae-bc881db2a2cf
2024-05-02 14:14:52 [INFO]: Pedido DETALLE creado exitosamente con ID: 50005aa1-7351-42eb-b62e-d58d40ebd320
2024-05-02 14:14:52 [INFO]: Transacción completada exitosamente.
2024-05-02 14:17:26 [INFO]: Creando pedido con ID: 3749db3d-7476-46bf-b541-f62ee3dadede
2024-05-02 14:17:26 [INFO]: Pedido creado exitosamente con ID: 3749db3d-7476-46bf-b541-f62ee3dadede
2024-05-02 14:17:26 [INFO]: Pedido DETALLE creado exitosamente con ID: 9cf87ef4-ba40-434f-bbee-14f3ca118771
2024-05-02 14:17:26 [INFO]: Transacción completada exitosamente.
2024-05-02 18:22:58 [INFO]: Creando pedido con ID: a47c11cf-ad2b-4911-9831-06f04f87637e
2024-05-02 18:22:58 [INFO]: Pedido creado exitosamente con ID: a47c11cf-ad2b-4911-9831-06f04f87637e
2024-05-02 18:22:58 [INFO]: Pedido DETALLE creado exitosamente con ID: d98795a7-0761-4ccc-a7c8-3a8470335ee4
2024-05-02 18:22:58 [INFO]: Transacción completada exitosamente.
2024-05-02 18:25:09 [INFO]: Creando pedido con ID: 52b685eb-98fb-4b4c-9192-069a0c86d767
2024-05-02 18:25:09 [ERROR]: Transacción fallida:  Customer not found
2024-05-02 20:03:30 [INFO]: Creando pedido con ID: 1c210154-254d-4b02-a1b3-6f8dfcf3ac58
2024-05-02 20:03:30 [ERROR]: Transacción fallida:  No se encontró el usuario correspondiente al vendedor.
2024-05-02 20:07:49 [INFO]: Creando pedido con ID: e174c378-29e7-4943-9d70-f3bb79c90505
2024-05-02 20:07:49 [ERROR]: Transacción fallida:  No se encontró información del vendedor con el código proporcionado.
2024-05-07 01:08:09 [INFO]: Creando pedido con ID: cf9cb144-0ee7-4556-9a56-9140a2376b84
2024-05-07 01:08:09 [ERROR]: Transacción fallida:  No se encontró información del vendedor con el código proporcionado.
2024-05-07 02:27:44 [INFO]: Creando pedido con ID: ea4d07aa-aa1c-4c46-aa40-28ede6a60e76
2024-05-07 02:27:44 [ERROR]: Transacción fallida:  No se encontró información del vendedor con el código proporcionado.
2024-05-07 02:28:08 [INFO]: Creando pedido con ID: d7e9aabe-d566-4631-a564-c6ac86713ccf
2024-05-07 02:28:08 [ERROR]: Transacción fallida:  No se encontró información del vendedor con el código proporcionado.
2024-05-07 02:28:24 [INFO]: Creando pedido con ID: bb9cf413-9051-4ede-8adc-c30c6c7433f2
2024-05-07 02:28:24 [ERROR]: Transacción fallida:  Cannot read properties of undefined (reading 'cod_usuarios')
2024-05-07 02:28:57 [INFO]: Creando pedido con ID: c186fbf9-5cf7-4ca9-906b-d420474156dd
2024-05-07 02:28:57 [INFO]: Pedido creado exitosamente con ID: c186fbf9-5cf7-4ca9-906b-d420474156dd
2024-05-07 02:28:57 [INFO]: Pedido DETALLE creado exitosamente con ID: a29b9d47-fb6e-432f-943b-f9c31ae13500
2024-05-07 02:28:57 [INFO]: Transacción completada exitosamente.
